<?xml version="1.0" encoding="UTF-8"?>
<testng-results skipped="0" failed="0" ignored="0" total="1" passed="1">
  <reporter-output>
  </reporter-output>
  <suite name="Default suite" duration-ms="43613" started-at="2017-03-30T17:11:07Z" finished-at="2017-03-30T17:11:50Z">
    <groups>
    </groups>
    <test name="Default test" duration-ms="43613" started-at="2017-03-30T17:11:07Z" finished-at="2017-03-30T17:11:50Z">
      <class name="com.appiumproject.driver.AppiumDriver">
        <test-method status="PASS" signature="setUp()[pri:0, instance:com.appiumproject.driver.AppiumDriver@60c6f5b]" name="setUp" is-config="true" duration-ms="16424" started-at="2017-03-30T13:11:07Z" finished-at="2017-03-30T13:11:23Z">
          <reporter-output>
          </reporter-output>
        </test-method> <!-- setUp -->
        <test-method status="PASS" signature="StartChromeTest()[pri:0, instance:com.appiumproject.driver.AppiumDriver@60c6f5b]" name="StartChromeTest" duration-ms="25868" started-at="2017-03-30T13:11:23Z" finished-at="2017-03-30T13:11:49Z">
          <reporter-output>
          </reporter-output>
        </test-method> <!-- StartChromeTest -->
        <test-method status="PASS" signature="tesrDown()[pri:0, instance:com.appiumproject.driver.AppiumDriver@60c6f5b]" name="tesrDown" is-config="true" duration-ms="1308" started-at="2017-03-30T13:11:49Z" finished-at="2017-03-30T13:11:50Z">
          <reporter-output>
          </reporter-output>
        </test-method> <!-- tesrDown -->
      </class> <!-- com.appiumproject.driver.AppiumDriver -->
    </test> <!-- Default test -->
  </suite> <!-- Default suite -->
</testng-results>
